<?xml version="1.0" encoding="UTF-8"?>
<testng-results ignored="0" total="1" passed="1" failed="0" skipped="0">
  <reporter-output>
  </reporter-output>
  <suite started-at="2021-09-01T11:09:14 IST" name="Default suite" finished-at="2021-09-01T11:09:14 IST" duration-ms="34">
    <groups>
    </groups>
    <test started-at="2021-09-01T11:09:14 IST" name="Default test" finished-at="2021-09-01T11:09:14 IST" duration-ms="34">
      <class name="TestNG.Annotations">
        <test-method is-config="true" signature="BeforeSuite()[pri:0, instance:TestNG.Annotations@1d119efb]" started-at="2021-09-01T11:09:14 IST" name="BeforeSuite" finished-at="2021-09-01T11:09:14 IST" duration-ms="7" status="PASS">
          <reporter-output>
          </reporter-output>
        </test-method> <!-- BeforeSuite -->
        <test-method is-config="true" signature="BeforeTest()[pri:0, instance:TestNG.Annotations@1d119efb]" started-at="2021-09-01T11:09:14 IST" name="BeforeTest" finished-at="2021-09-01T11:09:14 IST" duration-ms="1" status="PASS">
          <reporter-output>
          </reporter-output>
        </test-method> <!-- BeforeTest -->
        <test-method is-config="true" signature="Beforeclass()[pri:0, instance:TestNG.Annotations@1d119efb]" started-at="2021-09-01T11:09:14 IST" name="Beforeclass" finished-at="2021-09-01T11:09:14 IST" duration-ms="0" status="PASS">
          <reporter-output>
          </reporter-output>
        </test-method> <!-- Beforeclass -->
        <test-method signature="test()[pri:0, instance:TestNG.Annotations@1d119efb]" started-at="2021-09-01T11:09:14 IST" name="test" finished-at="2021-09-01T11:09:14 IST" duration-ms="6" status="PASS">
          <reporter-output>
          </reporter-output>
        </test-method> <!-- test -->
        <test-method is-config="true" signature="BeforeMethod()[pri:0, instance:TestNG.Annotations@1d119efb]" started-at="2021-09-01T11:09:14 IST" name="BeforeMethod" finished-at="2021-09-01T11:09:14 IST" duration-ms="0" status="PASS">
          <reporter-output>
          </reporter-output>
        </test-method> <!-- BeforeMethod -->
        <test-method is-config="true" signature="AfterMethod()[pri:0, instance:TestNG.Annotations@1d119efb]" started-at="2021-09-01T11:09:14 IST" name="AfterMethod" finished-at="2021-09-01T11:09:14 IST" duration-ms="0" status="PASS">
          <reporter-output>
          </reporter-output>
        </test-method> <!-- AfterMethod -->
        <test-method is-config="true" signature="Afterclass()[pri:0, instance:TestNG.Annotations@1d119efb]" started-at="2021-09-01T11:09:14 IST" name="Afterclass" finished-at="2021-09-01T11:09:14 IST" duration-ms="1" status="PASS">
          <reporter-output>
          </reporter-output>
        </test-method> <!-- Afterclass -->
        <test-method is-config="true" signature="AfterTest()[pri:0, instance:TestNG.Annotations@1d119efb]" started-at="2021-09-01T11:09:14 IST" name="AfterTest" finished-at="2021-09-01T11:09:14 IST" duration-ms="0" status="PASS">
          <reporter-output>
          </reporter-output>
        </test-method> <!-- AfterTest -->
        <test-method is-config="true" signature="AfterSuite()[pri:0, instance:TestNG.Annotations@1d119efb]" started-at="2021-09-01T11:09:14 IST" name="AfterSuite" finished-at="2021-09-01T11:09:14 IST" duration-ms="0" status="PASS">
          <reporter-output>
          </reporter-output>
        </test-method> <!-- AfterSuite -->
      </class> <!-- TestNG.Annotations -->
    </test> <!-- Default test -->
  </suite> <!-- Default suite -->
</testng-results>
