<?xml version="1.0" encoding="UTF-8"?>
<!-- Generated by org.testng.reporters.JUnitXMLReporter -->
<testsuite ignored="2" hostname="LAPTOP-SC8NCGPF" failures="0" tests="8" name="practise" time="0.078" errors="0" timestamp="2021-08-16T11:59:06 IST">
  <testcase classname="TestNG.GroupingExample" name="Moto" time="0.008"/>
  <testcase classname="TestNG.GroupingExample" name="Moto1" time="0.002"/>
  <testcase classname="TestNG.GroupingExample" name="OnePlus" time="0.0"/>
  <testcase classname="TestNG.GroupingExample" name="OnePlus1" time="0.0"/>
  <testcase classname="TestNG.GroupingExample" name="Samsung" time="0.001"/>
  <testcase classname="TestNG.GroupingExample" name="Samsung1" time="0.001"/>
  <testcase classname="TestNG.GroupingExample" name="Vivo" time="0.001"/>
  <testcase classname="TestNG.GroupingExample" name="Vivo1" time="0.002"/>
  <testcase classname="TestNG.GroupingExample" name="Apple" time="0.0">
    <ignored/>
  </testcase> <!-- Apple -->
  <testcase classname="TestNG.GroupingExample" name="Apple1" time="0.0">
    <ignored/>
  </testcase> <!-- Apple1 -->
</testsuite> <!-- practise -->
